<?xml version="1.0" encoding="UTF-8"?>
<testng-results skipped="0" failed="0" ignored="0" total="2" passed="2">
  <reporter-output>
  </reporter-output>
  <suite name="Default suite" duration-ms="4442" started-at="2022-02-16T19:07:52 IST" finished-at="2022-02-16T19:07:57 IST">
    <groups>
    </groups>
    <test name="Default test" duration-ms="4442" started-at="2022-02-16T19:07:52 IST" finished-at="2022-02-16T19:07:57 IST">
      <class name="winew.BAIGenTest">
        <test-method status="PASS" signature="setUp()[pri:0, instance:winew.BAIGenTest@4923ab24]" name="setUp" is-config="true" duration-ms="1113" started-at="2022-02-16T19:07:52 IST" finished-at="2022-02-16T19:07:53 IST">
          <reporter-output>
          </reporter-output>
        </test-method> <!-- setUp -->
        <test-method status="PASS" signature="copyBAIFile()[pri:0, instance:winew.BAIGenTest@4923ab24]" name="copyBAIFile" duration-ms="5" started-at="2022-02-16T19:07:53 IST" finished-at="2022-02-16T19:07:53 IST">
          <reporter-output>
          </reporter-output>
        </test-method> <!-- copyBAIFile -->
        <test-method status="PASS" signature="cleanUp()[pri:0, instance:winew.BAIGenTest@4923ab24]" name="cleanUp" is-config="true" duration-ms="725" started-at="2022-02-16T19:07:53 IST" finished-at="2022-02-16T19:07:54 IST">
          <reporter-output>
          </reporter-output>
        </test-method> <!-- cleanUp -->
        <test-method status="PASS" signature="runWinAppDriver()[pri:0, instance:winew.BAIGenTest@4923ab24]" name="runWinAppDriver" duration-ms="1619" started-at="2022-02-16T19:07:54 IST" finished-at="2022-02-16T19:07:56 IST">
          <reporter-output>
          </reporter-output>
        </test-method> <!-- runWinAppDriver -->
        <test-method status="PASS" signature="cleanUp()[pri:0, instance:winew.BAIGenTest@4923ab24]" name="cleanUp" is-config="true" duration-ms="942" started-at="2022-02-16T19:07:56 IST" finished-at="2022-02-16T19:07:57 IST">
          <reporter-output>
          </reporter-output>
        </test-method> <!-- cleanUp -->
      </class> <!-- winew.BAIGenTest -->
    </test> <!-- Default test -->
  </suite> <!-- Default suite -->
</testng-results>
